<?xml version="1.0" encoding="UTF-8"?>
<!-- Generated by org.testng.reporters.JUnitReportReporter -->
<testsuite skipped="0" hostname="DESKTOP-4VEJF42" name="testCases.LoginPageTest" tests="2" failures="0" timestamp="29 Oct 2020 02:58:49 GMT" time="34.190" errors="0">
  <testcase name="loginTest" time="17.704" classname="testCases.LoginPageTest"/>
  <testcase name="loginpageTitleTest" time="16.486" classname="testCases.LoginPageTest"/>
</testsuite> <!-- testCases.LoginPageTest -->
